<?xml version="1.0" encoding="UTF-8"?>
<coverage generated="1634895806570" clover="3.2.0">
  <project timestamp="1634895806570" name="All files">
    <metrics statements="63" coveredstatements="54" conditionals="58" coveredconditionals="51" methods="9" coveredmethods="6" elements="130" coveredelements="111" complexity="0" loc="63" ncloc="63" packages="1" files="3" classes="3"/>
    <file name="contentEditableTranslators.js" path="/Users/yurishvetsov/Documents/Dev/web/apps/todolist-vue/src/js/contentEditableTranslators.js">
      <metrics statements="40" coveredstatements="34" conditionals="26" coveredconditionals="22" methods="7" coveredmethods="4"/>
      <line num="3" count="1" type="stmt"/>
      <line num="4" count="10" type="stmt"/>
      <line num="5" count="10" type="stmt"/>
      <line num="6" count="27" type="cond" truecount="2" falsecount="0"/>
      <line num="7" count="21" type="stmt"/>
      <line num="11" count="10" type="stmt"/>
      <line num="12" count="10" type="stmt"/>
      <line num="14" count="10" type="stmt"/>
      <line num="17" count="38" type="stmt"/>
      <line num="18" count="38" type="stmt"/>
      <line num="19" count="38" type="stmt"/>
      <line num="21" count="38" type="stmt"/>
      <line num="22" count="241" type="cond" truecount="4" falsecount="0"/>
      <line num="23" count="20" type="stmt"/>
      <line num="24" count="20" type="stmt"/>
      <line num="26" count="20" type="cond" truecount="2" falsecount="0"/>
      <line num="27" count="8" type="stmt"/>
      <line num="28" count="8" type="stmt"/>
      <line num="30" count="221" type="cond" truecount="4" falsecount="0"/>
      <line num="31" count="7" type="stmt"/>
      <line num="32" count="7" type="stmt"/>
      <line num="33" count="7" type="stmt"/>
      <line num="34" count="214" type="cond" truecount="4" falsecount="0"/>
      <line num="35" count="7" type="stmt"/>
      <line num="36" count="7" type="stmt"/>
      <line num="37" count="7" type="stmt"/>
      <line num="38" count="207" type="cond" truecount="4" falsecount="0"/>
      <line num="39" count="20" type="stmt"/>
      <line num="40" count="20" type="stmt"/>
      <line num="41" count="20" type="stmt"/>
      <line num="42" count="20" type="stmt"/>
      <line num="44" count="187" type="stmt"/>
      <line num="48" count="38" type="cond" truecount="2" falsecount="0"/>
      <line num="52" count="1" type="stmt"/>
      <line num="53" count="0" type="cond" truecount="0" falsecount="2"/>
      <line num="55" count="0" type="stmt"/>
      <line num="56" count="0" type="stmt"/>
      <line num="57" count="0" type="cond" truecount="0" falsecount="2"/>
      <line num="59" count="0" type="stmt"/>
      <line num="62" count="0" type="stmt"/>
    </file>
    <file name="helpers.js" path="/Users/yurishvetsov/Documents/Dev/web/apps/todolist-vue/src/js/helpers.js">
      <metrics statements="7" coveredstatements="7" conditionals="2" coveredconditionals="2" methods="1" coveredmethods="1"/>
      <line num="1" count="1" type="stmt"/>
      <line num="2" count="38" type="stmt"/>
      <line num="4" count="38" type="stmt"/>
      <line num="5" count="55" type="cond" truecount="2" falsecount="0"/>
      <line num="6" count="28" type="stmt"/>
      <line num="8" count="27" type="stmt"/>
      <line num="12" count="38" type="stmt"/>
    </file>
    <file name="isValidImportedTodos.js" path="/Users/yurishvetsov/Documents/Dev/web/apps/todolist-vue/src/js/isValidImportedTodos.js">
      <metrics statements="16" coveredstatements="13" conditionals="30" coveredconditionals="27" methods="1" coveredmethods="1"/>
      <line num="1" count="1" type="stmt"/>
      <line num="2" count="6" type="cond" truecount="2" falsecount="0"/>
      <line num="4" count="4" type="stmt"/>
      <line num="5" count="6" type="cond" truecount="2" falsecount="0"/>
      <line num="7" count="5" type="cond" truecount="5" falsecount="0"/>
      <line num="10" count="1" type="stmt"/>
      <line num="13" count="4" type="cond" truecount="4" falsecount="1"/>
      <line num="16" count="0" type="stmt"/>
      <line num="19" count="4" type="stmt"/>
      <line num="20" count="5" type="cond" truecount="7" falsecount="0"/>
      <line num="25" count="1" type="stmt"/>
      <line num="28" count="4" type="cond" truecount="6" falsecount="1"/>
      <line num="33" count="0" type="stmt"/>
      <line num="36" count="4" type="cond" truecount="1" falsecount="1"/>
      <line num="37" count="0" type="stmt"/>
      <line num="42" count="1" type="stmt"/>
    </file>
  </project>
</coverage>
