<?xml version="1.0" encoding="UTF-8"?>
<coverage generated="1633439540231" clover="3.2.0">
  <project timestamp="1633439540231" name="All files">
    <metrics statements="54" coveredstatements="51" conditionals="54" coveredconditionals="51" methods="6" coveredmethods="6" elements="114" coveredelements="108" complexity="0" loc="54" ncloc="54" packages="1" files="3" classes="3"/>
    <file name="contentEditableTranslators.js" path="/Users/yurishvetsov/Documents/Dev/web/apps/todolist-vue/src/js/contentEditableTranslators.js">
      <metrics statements="31" coveredstatements="31" conditionals="22" coveredconditionals="22" methods="4" coveredmethods="4"/>
      <line num="3" count="1" type="stmt"/>
      <line num="4" count="9" type="stmt"/>
      <line num="5" count="9" type="stmt"/>
      <line num="6" count="22" type="cond" truecount="2" falsecount="0"/>
      <line num="7" count="17" type="stmt"/>
      <line num="10" count="9" type="stmt"/>
      <line num="13" count="32" type="stmt"/>
      <line num="14" count="32" type="stmt"/>
      <line num="15" count="32" type="stmt"/>
      <line num="17" count="32" type="stmt"/>
      <line num="18" count="193" type="cond" truecount="4" falsecount="0"/>
      <line num="19" count="16" type="stmt"/>
      <line num="20" count="16" type="stmt"/>
      <line num="22" count="16" type="cond" truecount="2" falsecount="0"/>
      <line num="23" count="7" type="stmt"/>
      <line num="24" count="7" type="stmt"/>
      <line num="26" count="177" type="cond" truecount="4" falsecount="0"/>
      <line num="27" count="7" type="stmt"/>
      <line num="28" count="7" type="stmt"/>
      <line num="29" count="7" type="stmt"/>
      <line num="30" count="170" type="cond" truecount="4" falsecount="0"/>
      <line num="31" count="7" type="stmt"/>
      <line num="32" count="7" type="stmt"/>
      <line num="33" count="7" type="stmt"/>
      <line num="34" count="163" type="cond" truecount="4" falsecount="0"/>
      <line num="35" count="16" type="stmt"/>
      <line num="36" count="16" type="stmt"/>
      <line num="37" count="16" type="stmt"/>
      <line num="38" count="16" type="stmt"/>
      <line num="40" count="147" type="stmt"/>
      <line num="44" count="32" type="cond" truecount="2" falsecount="0"/>
    </file>
    <file name="helpers.js" path="/Users/yurishvetsov/Documents/Dev/web/apps/todolist-vue/src/js/helpers.js">
      <metrics statements="7" coveredstatements="7" conditionals="2" coveredconditionals="2" methods="1" coveredmethods="1"/>
      <line num="1" count="1" type="stmt"/>
      <line num="2" count="32" type="stmt"/>
      <line num="4" count="32" type="stmt"/>
      <line num="5" count="45" type="cond" truecount="2" falsecount="0"/>
      <line num="6" count="23" type="stmt"/>
      <line num="8" count="22" type="stmt"/>
      <line num="12" count="32" type="stmt"/>
    </file>
    <file name="isValidImportedTodos.js" path="/Users/yurishvetsov/Documents/Dev/web/apps/todolist-vue/src/js/isValidImportedTodos.js">
      <metrics statements="16" coveredstatements="13" conditionals="30" coveredconditionals="27" methods="1" coveredmethods="1"/>
      <line num="1" count="1" type="stmt"/>
      <line num="2" count="6" type="cond" truecount="2" falsecount="0"/>
      <line num="4" count="4" type="stmt"/>
      <line num="5" count="6" type="cond" truecount="2" falsecount="0"/>
      <line num="7" count="5" type="cond" truecount="5" falsecount="0"/>
      <line num="10" count="1" type="stmt"/>
      <line num="13" count="4" type="cond" truecount="4" falsecount="1"/>
      <line num="16" count="0" type="stmt"/>
      <line num="19" count="4" type="stmt"/>
      <line num="20" count="5" type="cond" truecount="7" falsecount="0"/>
      <line num="25" count="1" type="stmt"/>
      <line num="28" count="4" type="cond" truecount="6" falsecount="1"/>
      <line num="33" count="0" type="stmt"/>
      <line num="36" count="4" type="cond" truecount="1" falsecount="1"/>
      <line num="37" count="0" type="stmt"/>
      <line num="42" count="1" type="stmt"/>
    </file>
  </project>
</coverage>
