{"/Users/yurishvetsov/Documents/Dev/web/apps/todolist-vue/src/js/contentEditableTranslators.js": {"path":"/Users/yurishvetsov/Documents/Dev/web/apps/todolist-vue/src/js/contentEditableTranslators.js","statementMap":{"0":{"start":{"line":3,"column":34},"end":{"line":46,"column":1}},"1":{"start":{"line":4,"column":17},"end":{"line":4,"column":31}},"2":{"start":{"line":5,"column":16},"end":{"line":8,"column":4}},"3":{"start":{"line":6,"column":4},"end":{"line":6,"column":34}},"4":{"start":{"line":6,"column":25},"end":{"line":6,"column":34}},"5":{"start":{"line":7,"column":4},"end":{"line":7,"column":36}},"6":{"start":{"line":10,"column":2},"end":{"line":10,"column":25}},"7":{"start":{"line":13,"column":18},"end":{"line":13,"column":20}},"8":{"start":{"line":14,"column":15},"end":{"line":14,"column":17}},"9":{"start":{"line":15,"column":18},"end":{"line":15,"column":19}},"10":{"start":{"line":17,"column":4},"end":{"line":42,"column":5}},"11":{"start":{"line":17,"column":17},"end":{"line":17,"column":18}},"12":{"start":{"line":18,"column":6},"end":{"line":41,"column":7}},"13":{"start":{"line":19,"column":8},"end":{"line":19,"column":17}},"14":{"start":{"line":20,"column":8},"end":{"line":20,"column":14}},"15":{"start":{"line":22,"column":8},"end":{"line":25,"column":9}},"16":{"start":{"line":23,"column":10},"end":{"line":23,"column":26}},"17":{"start":{"line":24,"column":10},"end":{"line":24,"column":19}},"18":{"start":{"line":26,"column":13},"end":{"line":41,"column":7}},"19":{"start":{"line":27,"column":8},"end":{"line":27,"column":17}},"20":{"start":{"line":28,"column":8},"end":{"line":28,"column":14}},"21":{"start":{"line":29,"column":8},"end":{"line":29,"column":23}},"22":{"start":{"line":30,"column":13},"end":{"line":41,"column":7}},"23":{"start":{"line":31,"column":8},"end":{"line":31,"column":17}},"24":{"start":{"line":32,"column":8},"end":{"line":32,"column":14}},"25":{"start":{"line":33,"column":8},"end":{"line":33,"column":24}},"26":{"start":{"line":34,"column":13},"end":{"line":41,"column":7}},"27":{"start":{"line":35,"column":8},"end":{"line":35,"column":19}},"28":{"start":{"line":36,"column":8},"end":{"line":36,"column":14}},"29":{"start":{"line":37,"column":8},"end":{"line":37,"column":24}},"30":{"start":{"line":38,"column":8},"end":{"line":38,"column":17}},"31":{"start":{"line":40,"column":8},"end":{"line":40,"column":22}},"32":{"start":{"line":44,"column":4},"end":{"line":44,"column":67}},"33":{"start":{"line":44,"column":44},"end":{"line":44,"column":58}}},"fnMap":{"0":{"name":"(anonymous_0)","decl":{"start":{"line":3,"column":34},"end":{"line":3,"column":35}},"loc":{"start":{"line":3,"column":42},"end":{"line":46,"column":1}},"line":3},"1":{"name":"(anonymous_1)","decl":{"start":{"line":5,"column":33},"end":{"line":5,"column":34}},"loc":{"start":{"line":5,"column":42},"end":{"line":8,"column":3}},"line":5},"2":{"name":"getLevel","decl":{"start":{"line":12,"column":11},"end":{"line":12,"column":19}},"loc":{"start":{"line":12,"column":25},"end":{"line":45,"column":3}},"line":12},"3":{"name":"(anonymous_3)","decl":{"start":{"line":44,"column":36},"end":{"line":44,"column":37}},"loc":{"start":{"line":44,"column":44},"end":{"line":44,"column":58}},"line":44}},"branchMap":{"0":{"loc":{"start":{"line":6,"column":4},"end":{"line":6,"column":34}},"type":"if","locations":[{"start":{"line":6,"column":4},"end":{"line":6,"column":34}},{"start":{"line":6,"column":4},"end":{"line":6,"column":34}}],"line":6},"1":{"loc":{"start":{"line":18,"column":6},"end":{"line":41,"column":7}},"type":"if","locations":[{"start":{"line":18,"column":6},"end":{"line":41,"column":7}},{"start":{"line":18,"column":6},"end":{"line":41,"column":7}}],"line":18},"2":{"loc":{"start":{"line":18,"column":10},"end":{"line":18,"column":55}},"type":"binary-expr","locations":[{"start":{"line":18,"column":10},"end":{"line":18,"column":38}},{"start":{"line":18,"column":42},"end":{"line":18,"column":55}}],"line":18},"3":{"loc":{"start":{"line":22,"column":8},"end":{"line":25,"column":9}},"type":"if","locations":[{"start":{"line":22,"column":8},"end":{"line":25,"column":9}},{"start":{"line":22,"column":8},"end":{"line":25,"column":9}}],"line":22},"4":{"loc":{"start":{"line":26,"column":13},"end":{"line":41,"column":7}},"type":"if","locations":[{"start":{"line":26,"column":13},"end":{"line":41,"column":7}},{"start":{"line":26,"column":13},"end":{"line":41,"column":7}}],"line":26},"5":{"loc":{"start":{"line":26,"column":17},"end":{"line":26,"column":60}},"type":"binary-expr","locations":[{"start":{"line":26,"column":17},"end":{"line":26,"column":45}},{"start":{"line":26,"column":49},"end":{"line":26,"column":60}}],"line":26},"6":{"loc":{"start":{"line":30,"column":13},"end":{"line":41,"column":7}},"type":"if","locations":[{"start":{"line":30,"column":13},"end":{"line":41,"column":7}},{"start":{"line":30,"column":13},"end":{"line":41,"column":7}}],"line":30},"7":{"loc":{"start":{"line":30,"column":17},"end":{"line":30,"column":61}},"type":"binary-expr","locations":[{"start":{"line":30,"column":17},"end":{"line":30,"column":46}},{"start":{"line":30,"column":50},"end":{"line":30,"column":61}}],"line":30},"8":{"loc":{"start":{"line":34,"column":13},"end":{"line":41,"column":7}},"type":"if","locations":[{"start":{"line":34,"column":13},"end":{"line":41,"column":7}},{"start":{"line":34,"column":13},"end":{"line":41,"column":7}}],"line":34},"9":{"loc":{"start":{"line":34,"column":17},"end":{"line":34,"column":63}},"type":"binary-expr","locations":[{"start":{"line":34,"column":17},"end":{"line":34,"column":46}},{"start":{"line":34,"column":50},"end":{"line":34,"column":63}}],"line":34},"10":{"loc":{"start":{"line":44,"column":11},"end":{"line":44,"column":67}},"type":"cond-expr","locations":[{"start":{"line":44,"column":26},"end":{"line":44,"column":59}},{"start":{"line":44,"column":62},"end":{"line":44,"column":67}}],"line":44}},"s":{"0":1,"1":9,"2":9,"3":22,"4":5,"5":17,"6":9,"7":32,"8":32,"9":32,"10":32,"11":32,"12":193,"13":16,"14":16,"15":16,"16":7,"17":7,"18":177,"19":7,"20":7,"21":7,"22":170,"23":7,"24":7,"25":7,"26":163,"27":16,"28":16,"29":16,"30":16,"31":147,"32":32,"33":23},"f":{"0":9,"1":22,"2":32,"3":23},"b":{"0":[5,17],"1":[16,177],"2":[193,23],"3":[7,9],"4":[7,170],"5":[177,7],"6":[7,163],"7":[170,23],"8":[16,147],"9":[163,16],"10":[10,22]},"_coverageSchema":"1a1c01bbd47fc00a2c39e90264f33305004495a9","hash":"b730aea60d82b848b20a55671bc4e7de03d3ea0c"}
,"/Users/yurishvetsov/Documents/Dev/web/apps/todolist-vue/src/js/helpers.js": {"path":"/Users/yurishvetsov/Documents/Dev/web/apps/todolist-vue/src/js/helpers.js","statementMap":{"0":{"start":{"line":1,"column":20},"end":{"line":13,"column":1}},"1":{"start":{"line":2,"column":15},"end":{"line":2,"column":17}},"2":{"start":{"line":4,"column":2},"end":{"line":10,"column":3}},"3":{"start":{"line":5,"column":4},"end":{"line":9,"column":5}},"4":{"start":{"line":6,"column":6},"end":{"line":6,"column":40}},"5":{"start":{"line":8,"column":6},"end":{"line":8,"column":23}},"6":{"start":{"line":12,"column":2},"end":{"line":12,"column":15}}},"fnMap":{"0":{"name":"(anonymous_0)","decl":{"start":{"line":1,"column":20},"end":{"line":1,"column":21}},"loc":{"start":{"line":1,"column":27},"end":{"line":13,"column":1}},"line":1}},"branchMap":{"0":{"loc":{"start":{"line":5,"column":4},"end":{"line":9,"column":5}},"type":"if","locations":[{"start":{"line":5,"column":4},"end":{"line":9,"column":5}},{"start":{"line":5,"column":4},"end":{"line":9,"column":5}}],"line":5}},"s":{"0":1,"1":32,"2":32,"3":45,"4":23,"5":22,"6":32},"f":{"0":32},"b":{"0":[23,22]},"_coverageSchema":"1a1c01bbd47fc00a2c39e90264f33305004495a9","hash":"134b2f67b226174fed1564dcde94d5fe1dcd73fc"}
,"/Users/yurishvetsov/Documents/Dev/web/apps/todolist-vue/src/js/isValidImportedTodos.js": {"path":"/Users/yurishvetsov/Documents/Dev/web/apps/todolist-vue/src/js/isValidImportedTodos.js","statementMap":{"0":{"start":{"line":1,"column":36},"end":{"line":43,"column":1}},"1":{"start":{"line":2,"column":2},"end":{"line":2,"column":40}},"2":{"start":{"line":2,"column":28},"end":{"line":2,"column":40}},"3":{"start":{"line":4,"column":2},"end":{"line":40,"column":3}},"4":{"start":{"line":5,"column":4},"end":{"line":5,"column":46}},"5":{"start":{"line":5,"column":34},"end":{"line":5,"column":46}},"6":{"start":{"line":7,"column":4},"end":{"line":11,"column":5}},"7":{"start":{"line":10,"column":6},"end":{"line":10,"column":18}},"8":{"start":{"line":13,"column":4},"end":{"line":17,"column":5}},"9":{"start":{"line":16,"column":6},"end":{"line":16,"column":18}},"10":{"start":{"line":19,"column":4},"end":{"line":39,"column":5}},"11":{"start":{"line":20,"column":6},"end":{"line":26,"column":7}},"12":{"start":{"line":25,"column":8},"end":{"line":25,"column":20}},"13":{"start":{"line":28,"column":6},"end":{"line":34,"column":7}},"14":{"start":{"line":33,"column":8},"end":{"line":33,"column":20}},"15":{"start":{"line":36,"column":6},"end":{"line":38,"column":7}},"16":{"start":{"line":37,"column":8},"end":{"line":37,"column":20}},"17":{"start":{"line":42,"column":2},"end":{"line":42,"column":13}}},"fnMap":{"0":{"name":"(anonymous_0)","decl":{"start":{"line":1,"column":36},"end":{"line":1,"column":37}},"loc":{"start":{"line":1,"column":44},"end":{"line":43,"column":1}},"line":1}},"branchMap":{"0":{"loc":{"start":{"line":2,"column":2},"end":{"line":2,"column":40}},"type":"if","locations":[{"start":{"line":2,"column":2},"end":{"line":2,"column":40}},{"start":{"line":2,"column":2},"end":{"line":2,"column":40}}],"line":2},"1":{"loc":{"start":{"line":5,"column":4},"end":{"line":5,"column":46}},"type":"if","locations":[{"start":{"line":5,"column":4},"end":{"line":5,"column":46}},{"start":{"line":5,"column":4},"end":{"line":5,"column":46}}],"line":5},"2":{"loc":{"start":{"line":7,"column":4},"end":{"line":11,"column":5}},"type":"if","locations":[{"start":{"line":7,"column":4},"end":{"line":11,"column":5}},{"start":{"line":7,"column":4},"end":{"line":11,"column":5}}],"line":7},"3":{"loc":{"start":{"line":7,"column":8},"end":{"line":9,"column":37}},"type":"binary-expr","locations":[{"start":{"line":7,"column":8},"end":{"line":7,"column":34}},{"start":{"line":8,"column":8},"end":{"line":8,"column":36}},{"start":{"line":9,"column":8},"end":{"line":9,"column":37}}],"line":7},"4":{"loc":{"start":{"line":13,"column":4},"end":{"line":17,"column":5}},"type":"if","locations":[{"start":{"line":13,"column":4},"end":{"line":17,"column":5}},{"start":{"line":13,"column":4},"end":{"line":17,"column":5}}],"line":13},"5":{"loc":{"start":{"line":13,"column":8},"end":{"line":15,"column":37}},"type":"binary-expr","locations":[{"start":{"line":13,"column":8},"end":{"line":13,"column":38}},{"start":{"line":14,"column":8},"end":{"line":14,"column":40}},{"start":{"line":15,"column":8},"end":{"line":15,"column":37}}],"line":13},"6":{"loc":{"start":{"line":20,"column":6},"end":{"line":26,"column":7}},"type":"if","locations":[{"start":{"line":20,"column":6},"end":{"line":26,"column":7}},{"start":{"line":20,"column":6},"end":{"line":26,"column":7}}],"line":20},"7":{"loc":{"start":{"line":20,"column":10},"end":{"line":24,"column":42}},"type":"binary-expr","locations":[{"start":{"line":20,"column":10},"end":{"line":20,"column":36}},{"start":{"line":21,"column":10},"end":{"line":21,"column":38}},{"start":{"line":22,"column":10},"end":{"line":22,"column":38}},{"start":{"line":23,"column":10},"end":{"line":23,"column":39}},{"start":{"line":24,"column":10},"end":{"line":24,"column":42}}],"line":20},"8":{"loc":{"start":{"line":28,"column":6},"end":{"line":34,"column":7}},"type":"if","locations":[{"start":{"line":28,"column":6},"end":{"line":34,"column":7}},{"start":{"line":28,"column":6},"end":{"line":34,"column":7}}],"line":28},"9":{"loc":{"start":{"line":28,"column":10},"end":{"line":32,"column":46}},"type":"binary-expr","locations":[{"start":{"line":28,"column":10},"end":{"line":28,"column":40}},{"start":{"line":29,"column":10},"end":{"line":29,"column":43}},{"start":{"line":30,"column":10},"end":{"line":30,"column":42}},{"start":{"line":31,"column":10},"end":{"line":31,"column":43}},{"start":{"line":32,"column":10},"end":{"line":32,"column":46}}],"line":28},"10":{"loc":{"start":{"line":36,"column":6},"end":{"line":38,"column":7}},"type":"if","locations":[{"start":{"line":36,"column":6},"end":{"line":38,"column":7}},{"start":{"line":36,"column":6},"end":{"line":38,"column":7}}],"line":36}},"s":{"0":1,"1":6,"2":2,"3":4,"4":6,"5":1,"6":5,"7":1,"8":4,"9":0,"10":4,"11":5,"12":1,"13":4,"14":0,"15":4,"16":0,"17":1},"f":{"0":6},"b":{"0":[2,4],"1":[1,5],"2":[1,4],"3":[5,5,4],"4":[0,4],"5":[4,4,4],"6":[1,4],"7":[5,5,4,4,4],"8":[0,4],"9":[4,4,4,4,4],"10":[0,4]},"_coverageSchema":"1a1c01bbd47fc00a2c39e90264f33305004495a9","hash":"08cc88329df54e7f69228ffe9d4bf9656e3a2a85"}
}
