{"/Users/yurishvetsov/Documents/Dev/web/apps/todolist-vue/src/js/contentEditableTranslators.js": {"path":"/Users/yurishvetsov/Documents/Dev/web/apps/todolist-vue/src/js/contentEditableTranslators.js","statementMap":{"0":{"start":{"line":3,"column":34},"end":{"line":50,"column":1}},"1":{"start":{"line":4,"column":17},"end":{"line":4,"column":31}},"2":{"start":{"line":5,"column":16},"end":{"line":8,"column":4}},"3":{"start":{"line":6,"column":4},"end":{"line":6,"column":34}},"4":{"start":{"line":6,"column":25},"end":{"line":6,"column":34}},"5":{"start":{"line":7,"column":4},"end":{"line":7,"column":36}},"6":{"start":{"line":11,"column":16},"end":{"line":11,"column":56}},"7":{"start":{"line":12,"column":17},"end":{"line":12,"column":79}},"8":{"start":{"line":12,"column":70},"end":{"line":12,"column":78}},"9":{"start":{"line":14,"column":2},"end":{"line":14,"column":15}},"10":{"start":{"line":17,"column":18},"end":{"line":17,"column":20}},"11":{"start":{"line":18,"column":15},"end":{"line":18,"column":17}},"12":{"start":{"line":19,"column":18},"end":{"line":19,"column":19}},"13":{"start":{"line":21,"column":4},"end":{"line":46,"column":5}},"14":{"start":{"line":21,"column":17},"end":{"line":21,"column":18}},"15":{"start":{"line":22,"column":6},"end":{"line":45,"column":7}},"16":{"start":{"line":23,"column":8},"end":{"line":23,"column":17}},"17":{"start":{"line":24,"column":8},"end":{"line":24,"column":14}},"18":{"start":{"line":26,"column":8},"end":{"line":29,"column":9}},"19":{"start":{"line":27,"column":10},"end":{"line":27,"column":26}},"20":{"start":{"line":28,"column":10},"end":{"line":28,"column":19}},"21":{"start":{"line":30,"column":13},"end":{"line":45,"column":7}},"22":{"start":{"line":31,"column":8},"end":{"line":31,"column":17}},"23":{"start":{"line":32,"column":8},"end":{"line":32,"column":14}},"24":{"start":{"line":33,"column":8},"end":{"line":33,"column":23}},"25":{"start":{"line":34,"column":13},"end":{"line":45,"column":7}},"26":{"start":{"line":35,"column":8},"end":{"line":35,"column":17}},"27":{"start":{"line":36,"column":8},"end":{"line":36,"column":14}},"28":{"start":{"line":37,"column":8},"end":{"line":37,"column":24}},"29":{"start":{"line":38,"column":13},"end":{"line":45,"column":7}},"30":{"start":{"line":39,"column":8},"end":{"line":39,"column":19}},"31":{"start":{"line":40,"column":8},"end":{"line":40,"column":14}},"32":{"start":{"line":41,"column":8},"end":{"line":41,"column":24}},"33":{"start":{"line":42,"column":8},"end":{"line":42,"column":17}},"34":{"start":{"line":44,"column":8},"end":{"line":44,"column":22}},"35":{"start":{"line":48,"column":4},"end":{"line":48,"column":67}},"36":{"start":{"line":48,"column":44},"end":{"line":48,"column":58}},"37":{"start":{"line":52,"column":34},"end":{"line":63,"column":1}},"38":{"start":{"line":53,"column":2},"end":{"line":53,"column":28}},"39":{"start":{"line":53,"column":18},"end":{"line":53,"column":28}},"40":{"start":{"line":55,"column":16},"end":{"line":55,"column":39}},"41":{"start":{"line":56,"column":18},"end":{"line":60,"column":4}},"42":{"start":{"line":57,"column":4},"end":{"line":57,"column":45}},"43":{"start":{"line":57,"column":21},"end":{"line":57,"column":45}},"44":{"start":{"line":59,"column":4},"end":{"line":59,"column":33}},"45":{"start":{"line":62,"column":2},"end":{"line":62,"column":25}}},"fnMap":{"0":{"name":"(anonymous_0)","decl":{"start":{"line":3,"column":34},"end":{"line":3,"column":35}},"loc":{"start":{"line":3,"column":42},"end":{"line":50,"column":1}},"line":3},"1":{"name":"(anonymous_1)","decl":{"start":{"line":5,"column":33},"end":{"line":5,"column":34}},"loc":{"start":{"line":5,"column":42},"end":{"line":8,"column":3}},"line":5},"2":{"name":"(anonymous_2)","decl":{"start":{"line":12,"column":65},"end":{"line":12,"column":66}},"loc":{"start":{"line":12,"column":70},"end":{"line":12,"column":78}},"line":12},"3":{"name":"getLevel","decl":{"start":{"line":16,"column":11},"end":{"line":16,"column":19}},"loc":{"start":{"line":16,"column":25},"end":{"line":49,"column":3}},"line":16},"4":{"name":"(anonymous_4)","decl":{"start":{"line":48,"column":36},"end":{"line":48,"column":37}},"loc":{"start":{"line":48,"column":44},"end":{"line":48,"column":58}},"line":48},"5":{"name":"(anonymous_5)","decl":{"start":{"line":52,"column":34},"end":{"line":52,"column":35}},"loc":{"start":{"line":52,"column":41},"end":{"line":63,"column":1}},"line":52},"6":{"name":"(anonymous_6)","decl":{"start":{"line":56,"column":28},"end":{"line":56,"column":29}},"loc":{"start":{"line":56,"column":36},"end":{"line":60,"column":3}},"line":56}},"branchMap":{"0":{"loc":{"start":{"line":6,"column":4},"end":{"line":6,"column":34}},"type":"if","locations":[{"start":{"line":6,"column":4},"end":{"line":6,"column":34}},{"start":{"line":6,"column":4},"end":{"line":6,"column":34}}],"line":6},"1":{"loc":{"start":{"line":22,"column":6},"end":{"line":45,"column":7}},"type":"if","locations":[{"start":{"line":22,"column":6},"end":{"line":45,"column":7}},{"start":{"line":22,"column":6},"end":{"line":45,"column":7}}],"line":22},"2":{"loc":{"start":{"line":22,"column":10},"end":{"line":22,"column":55}},"type":"binary-expr","locations":[{"start":{"line":22,"column":10},"end":{"line":22,"column":38}},{"start":{"line":22,"column":42},"end":{"line":22,"column":55}}],"line":22},"3":{"loc":{"start":{"line":26,"column":8},"end":{"line":29,"column":9}},"type":"if","locations":[{"start":{"line":26,"column":8},"end":{"line":29,"column":9}},{"start":{"line":26,"column":8},"end":{"line":29,"column":9}}],"line":26},"4":{"loc":{"start":{"line":30,"column":13},"end":{"line":45,"column":7}},"type":"if","locations":[{"start":{"line":30,"column":13},"end":{"line":45,"column":7}},{"start":{"line":30,"column":13},"end":{"line":45,"column":7}}],"line":30},"5":{"loc":{"start":{"line":30,"column":17},"end":{"line":30,"column":60}},"type":"binary-expr","locations":[{"start":{"line":30,"column":17},"end":{"line":30,"column":45}},{"start":{"line":30,"column":49},"end":{"line":30,"column":60}}],"line":30},"6":{"loc":{"start":{"line":34,"column":13},"end":{"line":45,"column":7}},"type":"if","locations":[{"start":{"line":34,"column":13},"end":{"line":45,"column":7}},{"start":{"line":34,"column":13},"end":{"line":45,"column":7}}],"line":34},"7":{"loc":{"start":{"line":34,"column":17},"end":{"line":34,"column":61}},"type":"binary-expr","locations":[{"start":{"line":34,"column":17},"end":{"line":34,"column":46}},{"start":{"line":34,"column":50},"end":{"line":34,"column":61}}],"line":34},"8":{"loc":{"start":{"line":38,"column":13},"end":{"line":45,"column":7}},"type":"if","locations":[{"start":{"line":38,"column":13},"end":{"line":45,"column":7}},{"start":{"line":38,"column":13},"end":{"line":45,"column":7}}],"line":38},"9":{"loc":{"start":{"line":38,"column":17},"end":{"line":38,"column":63}},"type":"binary-expr","locations":[{"start":{"line":38,"column":17},"end":{"line":38,"column":46}},{"start":{"line":38,"column":50},"end":{"line":38,"column":63}}],"line":38},"10":{"loc":{"start":{"line":48,"column":11},"end":{"line":48,"column":67}},"type":"cond-expr","locations":[{"start":{"line":48,"column":26},"end":{"line":48,"column":59}},{"start":{"line":48,"column":62},"end":{"line":48,"column":67}}],"line":48},"11":{"loc":{"start":{"line":53,"column":2},"end":{"line":53,"column":28}},"type":"if","locations":[{"start":{"line":53,"column":2},"end":{"line":53,"column":28}},{"start":{"line":53,"column":2},"end":{"line":53,"column":28}}],"line":53},"12":{"loc":{"start":{"line":57,"column":4},"end":{"line":57,"column":45}},"type":"if","locations":[{"start":{"line":57,"column":4},"end":{"line":57,"column":45}},{"start":{"line":57,"column":4},"end":{"line":57,"column":45}}],"line":57}},"s":{"0":1,"1":10,"2":10,"3":27,"4":6,"5":21,"6":10,"7":10,"8":0,"9":10,"10":38,"11":38,"12":38,"13":38,"14":38,"15":241,"16":20,"17":20,"18":20,"19":8,"20":8,"21":221,"22":7,"23":7,"24":7,"25":214,"26":7,"27":7,"28":7,"29":207,"30":20,"31":20,"32":20,"33":20,"34":187,"35":38,"36":28,"37":1,"38":0,"39":0,"40":0,"41":0,"42":0,"43":0,"44":0,"45":0},"f":{"0":10,"1":27,"2":0,"3":38,"4":28,"5":0,"6":0},"b":{"0":[6,21],"1":[20,221],"2":[241,27],"3":[8,12],"4":[7,214],"5":[221,7],"6":[7,207],"7":[214,27],"8":[20,187],"9":[207,20],"10":[11,27],"11":[0,0],"12":[0,0]},"_coverageSchema":"1a1c01bbd47fc00a2c39e90264f33305004495a9","hash":"8a340df27e6c50043f79faf2ba739f4aacfaa22a"}
,"/Users/yurishvetsov/Documents/Dev/web/apps/todolist-vue/src/js/helpers.js": {"path":"/Users/yurishvetsov/Documents/Dev/web/apps/todolist-vue/src/js/helpers.js","statementMap":{"0":{"start":{"line":1,"column":20},"end":{"line":13,"column":1}},"1":{"start":{"line":2,"column":15},"end":{"line":2,"column":17}},"2":{"start":{"line":4,"column":2},"end":{"line":10,"column":3}},"3":{"start":{"line":5,"column":4},"end":{"line":9,"column":5}},"4":{"start":{"line":6,"column":6},"end":{"line":6,"column":40}},"5":{"start":{"line":8,"column":6},"end":{"line":8,"column":23}},"6":{"start":{"line":12,"column":2},"end":{"line":12,"column":15}}},"fnMap":{"0":{"name":"(anonymous_0)","decl":{"start":{"line":1,"column":20},"end":{"line":1,"column":21}},"loc":{"start":{"line":1,"column":27},"end":{"line":13,"column":1}},"line":1}},"branchMap":{"0":{"loc":{"start":{"line":5,"column":4},"end":{"line":9,"column":5}},"type":"if","locations":[{"start":{"line":5,"column":4},"end":{"line":9,"column":5}},{"start":{"line":5,"column":4},"end":{"line":9,"column":5}}],"line":5}},"s":{"0":1,"1":38,"2":38,"3":55,"4":28,"5":27,"6":38},"f":{"0":38},"b":{"0":[28,27]},"_coverageSchema":"1a1c01bbd47fc00a2c39e90264f33305004495a9","hash":"134b2f67b226174fed1564dcde94d5fe1dcd73fc"}
,"/Users/yurishvetsov/Documents/Dev/web/apps/todolist-vue/src/js/isValidImportedTodos.js": {"path":"/Users/yurishvetsov/Documents/Dev/web/apps/todolist-vue/src/js/isValidImportedTodos.js","statementMap":{"0":{"start":{"line":1,"column":36},"end":{"line":43,"column":1}},"1":{"start":{"line":2,"column":2},"end":{"line":2,"column":40}},"2":{"start":{"line":2,"column":28},"end":{"line":2,"column":40}},"3":{"start":{"line":4,"column":2},"end":{"line":40,"column":3}},"4":{"start":{"line":5,"column":4},"end":{"line":5,"column":46}},"5":{"start":{"line":5,"column":34},"end":{"line":5,"column":46}},"6":{"start":{"line":7,"column":4},"end":{"line":11,"column":5}},"7":{"start":{"line":10,"column":6},"end":{"line":10,"column":18}},"8":{"start":{"line":13,"column":4},"end":{"line":17,"column":5}},"9":{"start":{"line":16,"column":6},"end":{"line":16,"column":18}},"10":{"start":{"line":19,"column":4},"end":{"line":39,"column":5}},"11":{"start":{"line":20,"column":6},"end":{"line":26,"column":7}},"12":{"start":{"line":25,"column":8},"end":{"line":25,"column":20}},"13":{"start":{"line":28,"column":6},"end":{"line":34,"column":7}},"14":{"start":{"line":33,"column":8},"end":{"line":33,"column":20}},"15":{"start":{"line":36,"column":6},"end":{"line":38,"column":7}},"16":{"start":{"line":37,"column":8},"end":{"line":37,"column":20}},"17":{"start":{"line":42,"column":2},"end":{"line":42,"column":13}}},"fnMap":{"0":{"name":"(anonymous_0)","decl":{"start":{"line":1,"column":36},"end":{"line":1,"column":37}},"loc":{"start":{"line":1,"column":44},"end":{"line":43,"column":1}},"line":1}},"branchMap":{"0":{"loc":{"start":{"line":2,"column":2},"end":{"line":2,"column":40}},"type":"if","locations":[{"start":{"line":2,"column":2},"end":{"line":2,"column":40}},{"start":{"line":2,"column":2},"end":{"line":2,"column":40}}],"line":2},"1":{"loc":{"start":{"line":5,"column":4},"end":{"line":5,"column":46}},"type":"if","locations":[{"start":{"line":5,"column":4},"end":{"line":5,"column":46}},{"start":{"line":5,"column":4},"end":{"line":5,"column":46}}],"line":5},"2":{"loc":{"start":{"line":7,"column":4},"end":{"line":11,"column":5}},"type":"if","locations":[{"start":{"line":7,"column":4},"end":{"line":11,"column":5}},{"start":{"line":7,"column":4},"end":{"line":11,"column":5}}],"line":7},"3":{"loc":{"start":{"line":7,"column":8},"end":{"line":9,"column":37}},"type":"binary-expr","locations":[{"start":{"line":7,"column":8},"end":{"line":7,"column":34}},{"start":{"line":8,"column":8},"end":{"line":8,"column":36}},{"start":{"line":9,"column":8},"end":{"line":9,"column":37}}],"line":7},"4":{"loc":{"start":{"line":13,"column":4},"end":{"line":17,"column":5}},"type":"if","locations":[{"start":{"line":13,"column":4},"end":{"line":17,"column":5}},{"start":{"line":13,"column":4},"end":{"line":17,"column":5}}],"line":13},"5":{"loc":{"start":{"line":13,"column":8},"end":{"line":15,"column":37}},"type":"binary-expr","locations":[{"start":{"line":13,"column":8},"end":{"line":13,"column":38}},{"start":{"line":14,"column":8},"end":{"line":14,"column":40}},{"start":{"line":15,"column":8},"end":{"line":15,"column":37}}],"line":13},"6":{"loc":{"start":{"line":20,"column":6},"end":{"line":26,"column":7}},"type":"if","locations":[{"start":{"line":20,"column":6},"end":{"line":26,"column":7}},{"start":{"line":20,"column":6},"end":{"line":26,"column":7}}],"line":20},"7":{"loc":{"start":{"line":20,"column":10},"end":{"line":24,"column":42}},"type":"binary-expr","locations":[{"start":{"line":20,"column":10},"end":{"line":20,"column":36}},{"start":{"line":21,"column":10},"end":{"line":21,"column":38}},{"start":{"line":22,"column":10},"end":{"line":22,"column":38}},{"start":{"line":23,"column":10},"end":{"line":23,"column":39}},{"start":{"line":24,"column":10},"end":{"line":24,"column":42}}],"line":20},"8":{"loc":{"start":{"line":28,"column":6},"end":{"line":34,"column":7}},"type":"if","locations":[{"start":{"line":28,"column":6},"end":{"line":34,"column":7}},{"start":{"line":28,"column":6},"end":{"line":34,"column":7}}],"line":28},"9":{"loc":{"start":{"line":28,"column":10},"end":{"line":32,"column":46}},"type":"binary-expr","locations":[{"start":{"line":28,"column":10},"end":{"line":28,"column":40}},{"start":{"line":29,"column":10},"end":{"line":29,"column":43}},{"start":{"line":30,"column":10},"end":{"line":30,"column":42}},{"start":{"line":31,"column":10},"end":{"line":31,"column":43}},{"start":{"line":32,"column":10},"end":{"line":32,"column":46}}],"line":28},"10":{"loc":{"start":{"line":36,"column":6},"end":{"line":38,"column":7}},"type":"if","locations":[{"start":{"line":36,"column":6},"end":{"line":38,"column":7}},{"start":{"line":36,"column":6},"end":{"line":38,"column":7}}],"line":36}},"s":{"0":1,"1":6,"2":2,"3":4,"4":6,"5":1,"6":5,"7":1,"8":4,"9":0,"10":4,"11":5,"12":1,"13":4,"14":0,"15":4,"16":0,"17":1},"f":{"0":6},"b":{"0":[2,4],"1":[1,5],"2":[1,4],"3":[5,5,4],"4":[0,4],"5":[4,4,4],"6":[1,4],"7":[5,5,4,4,4],"8":[0,4],"9":[4,4,4,4,4],"10":[0,4]},"_coverageSchema":"1a1c01bbd47fc00a2c39e90264f33305004495a9","hash":"08cc88329df54e7f69228ffe9d4bf9656e3a2a85"}
}
