TN:
SF:src/js/contentEditableTranslators.js
FN:3,(anonymous_0)
FN:5,(anonymous_1)
FN:12,(anonymous_2)
FN:16,getLevel
FN:48,(anonymous_4)
FN:52,(anonymous_5)
FN:56,(anonymous_6)
FNF:7
FNH:4
FNDA:10,(anonymous_0)
FNDA:27,(anonymous_1)
FNDA:0,(anonymous_2)
FNDA:38,getLevel
FNDA:28,(anonymous_4)
FNDA:0,(anonymous_5)
FNDA:0,(anonymous_6)
DA:3,1
DA:4,10
DA:5,10
DA:6,27
DA:7,21
DA:11,10
DA:12,10
DA:14,10
DA:17,38
DA:18,38
DA:19,38
DA:21,38
DA:22,241
DA:23,20
DA:24,20
DA:26,20
DA:27,8
DA:28,8
DA:30,221
DA:31,7
DA:32,7
DA:33,7
DA:34,214
DA:35,7
DA:36,7
DA:37,7
DA:38,207
DA:39,20
DA:40,20
DA:41,20
DA:42,20
DA:44,187
DA:48,38
DA:52,1
DA:53,0
DA:55,0
DA:56,0
DA:57,0
DA:59,0
DA:62,0
LF:40
LH:34
BRDA:6,0,0,6
BRDA:6,0,1,21
BRDA:22,1,0,20
BRDA:22,1,1,221
BRDA:22,2,0,241
BRDA:22,2,1,27
BRDA:26,3,0,8
BRDA:26,3,1,12
BRDA:30,4,0,7
BRDA:30,4,1,214
BRDA:30,5,0,221
BRDA:30,5,1,7
BRDA:34,6,0,7
BRDA:34,6,1,207
BRDA:34,7,0,214
BRDA:34,7,1,27
BRDA:38,8,0,20
BRDA:38,8,1,187
BRDA:38,9,0,207
BRDA:38,9,1,20
BRDA:48,10,0,11
BRDA:48,10,1,27
BRDA:53,11,0,0
BRDA:53,11,1,0
BRDA:57,12,0,0
BRDA:57,12,1,0
BRF:26
BRH:22
end_of_record
TN:
SF:src/js/helpers.js
FN:1,(anonymous_0)
FNF:1
FNH:1
FNDA:38,(anonymous_0)
DA:1,1
DA:2,38
DA:4,38
DA:5,55
DA:6,28
DA:8,27
DA:12,38
LF:7
LH:7
BRDA:5,0,0,28
BRDA:5,0,1,27
BRF:2
BRH:2
end_of_record
TN:
SF:src/js/isValidImportedTodos.js
FN:1,(anonymous_0)
FNF:1
FNH:1
FNDA:6,(anonymous_0)
DA:1,1
DA:2,6
DA:4,4
DA:5,5
DA:7,5
DA:10,1
DA:13,4
DA:16,0
DA:19,4
DA:20,5
DA:26,2
DA:29,3
DA:35,0
DA:38,3
DA:39,0
DA:44,1
LF:16
LH:13
BRDA:2,0,0,2
BRDA:2,0,1,4
BRDA:5,1,0,0
BRDA:5,1,1,5
BRDA:7,2,0,1
BRDA:7,2,1,4
BRDA:7,3,0,5
BRDA:7,3,1,5
BRDA:7,3,2,4
BRDA:13,4,0,0
BRDA:13,4,1,4
BRDA:13,5,0,4
BRDA:13,5,1,4
BRDA:13,5,2,4
BRDA:20,6,0,2
BRDA:20,6,1,3
BRDA:20,7,0,5
BRDA:20,7,1,5
BRDA:20,7,2,4
BRDA:20,7,3,4
BRDA:20,7,4,4
BRDA:20,7,5,4
BRDA:29,8,0,0
BRDA:29,8,1,3
BRDA:29,9,0,3
BRDA:29,9,1,3
BRDA:29,9,2,3
BRDA:29,9,3,3
BRDA:29,9,4,3
BRDA:29,9,5,3
BRDA:38,10,0,0
BRDA:38,10,1,3
BRF:32
BRH:28
end_of_record
