TN:
SF:src/js/contentEditableTranslators.js
FN:3,(anonymous_0)
FN:5,(anonymous_1)
FN:12,getLevel
FN:44,(anonymous_3)
FNF:4
FNH:4
FNDA:9,(anonymous_0)
FNDA:22,(anonymous_1)
FNDA:32,getLevel
FNDA:23,(anonymous_3)
DA:3,1
DA:4,9
DA:5,9
DA:6,22
DA:7,17
DA:10,9
DA:13,32
DA:14,32
DA:15,32
DA:17,32
DA:18,193
DA:19,16
DA:20,16
DA:22,16
DA:23,7
DA:24,7
DA:26,177
DA:27,7
DA:28,7
DA:29,7
DA:30,170
DA:31,7
DA:32,7
DA:33,7
DA:34,163
DA:35,16
DA:36,16
DA:37,16
DA:38,16
DA:40,147
DA:44,32
LF:31
LH:31
BRDA:6,0,0,5
BRDA:6,0,1,17
BRDA:18,1,0,16
BRDA:18,1,1,177
BRDA:18,2,0,193
BRDA:18,2,1,23
BRDA:22,3,0,7
BRDA:22,3,1,9
BRDA:26,4,0,7
BRDA:26,4,1,170
BRDA:26,5,0,177
BRDA:26,5,1,7
BRDA:30,6,0,7
BRDA:30,6,1,163
BRDA:30,7,0,170
BRDA:30,7,1,23
BRDA:34,8,0,16
BRDA:34,8,1,147
BRDA:34,9,0,163
BRDA:34,9,1,16
BRDA:44,10,0,10
BRDA:44,10,1,22
BRF:22
BRH:22
end_of_record
TN:
SF:src/js/helpers.js
FN:1,(anonymous_0)
FNF:1
FNH:1
FNDA:32,(anonymous_0)
DA:1,1
DA:2,32
DA:4,32
DA:5,45
DA:6,23
DA:8,22
DA:12,32
LF:7
LH:7
BRDA:5,0,0,23
BRDA:5,0,1,22
BRF:2
BRH:2
end_of_record
TN:
SF:src/js/isValidImportedTodos.js
FN:1,(anonymous_0)
FNF:1
FNH:1
FNDA:6,(anonymous_0)
DA:1,1
DA:2,6
DA:4,4
DA:5,6
DA:7,5
DA:10,1
DA:13,4
DA:16,0
DA:19,4
DA:20,5
DA:25,1
DA:28,4
DA:33,0
DA:36,4
DA:37,0
DA:42,1
LF:16
LH:13
BRDA:2,0,0,2
BRDA:2,0,1,4
BRDA:5,1,0,1
BRDA:5,1,1,5
BRDA:7,2,0,1
BRDA:7,2,1,4
BRDA:7,3,0,5
BRDA:7,3,1,5
BRDA:7,3,2,4
BRDA:13,4,0,0
BRDA:13,4,1,4
BRDA:13,5,0,4
BRDA:13,5,1,4
BRDA:13,5,2,4
BRDA:20,6,0,1
BRDA:20,6,1,4
BRDA:20,7,0,5
BRDA:20,7,1,5
BRDA:20,7,2,4
BRDA:20,7,3,4
BRDA:20,7,4,4
BRDA:28,8,0,0
BRDA:28,8,1,4
BRDA:28,9,0,4
BRDA:28,9,1,4
BRDA:28,9,2,4
BRDA:28,9,3,4
BRDA:28,9,4,4
BRDA:36,10,0,0
BRDA:36,10,1,4
BRF:30
BRH:27
end_of_record
